[debug] [2025-07-28T06:51:23.870Z] ----------------------------------------------------------------------
[debug] [2025-07-28T06:51:23.873Z] Command:       C:\Program Files\nodejs\node.exe C:\Users\xbosh\AppData\Roaming\npm\node_modules\firebase-tools\lib\bin\firebase.js init hosting
[debug] [2025-07-28T06:51:23.873Z] CLI Version:   14.11.1
[debug] [2025-07-28T06:51:23.874Z] Platform:      win32
[debug] [2025-07-28T06:51:23.874Z] Node Version:  v20.15.1
[debug] [2025-07-28T06:51:23.874Z] Time:          Mon Jul 28 2025 13:51:23 GMT+0700 (Western Indonesia Time)
[debug] [2025-07-28T06:51:23.874Z] ----------------------------------------------------------------------
[debug] 
[debug] [2025-07-28T06:51:23.883Z] > command requires scopes: ["email","openid","https://www.googleapis.com/auth/cloudplatformprojects.readonly","https://www.googleapis.com/auth/firebase","https://www.googleapis.com/auth/cloud-platform"]
[debug] [2025-07-28T06:51:23.884Z] > authorizing via signed-in user (faizannabil877@gmail.com)
[info] 
     ######## #### ########  ######## ########     ###     ######  ########
     ##        ##  ##     ## ##       ##     ##  ##   ##  ##       ##
     ######    ##  ########  ######   ########  #########  ######  ######
     ##        ##  ##    ##  ##       ##     ## ##     ##       ## ##
     ##       #### ##     ## ######## ########  ##     ##  ######  ########

You're about to initialize a Firebase project in this directory:

  D:\1 - PROJECT\kos-hunter

[info] 
=== Project Setup
[info] 
[info] First, let's associate this project directory with a Firebase project.
[info] You can create multiple project aliases by running firebase use --add, 
[info] but for now we'll just set up a default project.
[info] 
[debug] [2025-07-28T06:51:33.482Z] Checked if tokens are valid: false, expires at: 1740211921830
[debug] [2025-07-28T06:51:33.482Z] Checked if tokens are valid: false, expires at: 1740211921830
[debug] [2025-07-28T06:51:33.482Z] > refreshing access token with scopes: []
[debug] [2025-07-28T06:51:33.487Z] >>> [apiv2][query] POST https://www.googleapis.com/oauth2/v3/token [none]
[debug] [2025-07-28T06:51:33.487Z] >>> [apiv2][body] POST https://www.googleapis.com/oauth2/v3/token [omitted]
[debug] [2025-07-28T06:51:33.739Z] <<< [apiv2][status] POST https://www.googleapis.com/oauth2/v3/token 200
[debug] [2025-07-28T06:51:33.740Z] <<< [apiv2][body] POST https://www.googleapis.com/oauth2/v3/token [omitted]
[debug] [2025-07-28T06:51:33.747Z] >>> [apiv2][query] GET https://firebase.googleapis.com/v1beta1/projects pageSize=100
[debug] [2025-07-28T06:51:34.417Z] <<< [apiv2][status] GET https://firebase.googleapis.com/v1beta1/projects 200
[debug] [2025-07-28T06:51:34.417Z] <<< [apiv2][body] GET https://firebase.googleapis.com/v1beta1/projects [omitted]
[info] i  Using project kos-hunter-3f571 (Kos Hunter) 
[info] 
=== Hosting Setup
[debug] [2025-07-28T06:51:37.547Z] Checked if tokens are valid: true, expires at: 1753689092740
[debug] [2025-07-28T06:51:37.547Z] Checked if tokens are valid: true, expires at: 1753689092740
[debug] [2025-07-28T06:51:37.548Z] >>> [apiv2][query] GET https://firebase.googleapis.com/v1beta1/projects/kos-hunter-3f571 [none]
[debug] [2025-07-28T06:51:37.892Z] <<< [apiv2][status] GET https://firebase.googleapis.com/v1beta1/projects/kos-hunter-3f571 200
[debug] [2025-07-28T06:51:37.892Z] <<< [apiv2][body] GET https://firebase.googleapis.com/v1beta1/projects/kos-hunter-3f571 {"projectId":"kos-hunter-3f571","projectNumber":"129028936422","displayName":"Kos Hunter","name":"projects/kos-hunter-3f571","resources":{"hostingSite":"kos-hunter-3f571"},"state":"ACTIVE","etag":"1_6d0379ed-4079-4c8b-98ad-b76bb33929dd"}
[info] 
[info] i  Didn't detect a .git folder. Assuming D:\1 - PROJECT\kos-hunter is the project root. 
[info] i  Authorizing with GitHub to upload your service account to a GitHub repository's secrets store. 
[info] 
[info] Visit this URL on this device to log in:
[info] https://github.com/login/oauth/authorize?client_id=89cf50f02ac6aaed3484&state=417206605&redirect_uri=http%3A%2F%2Flocalhost%3A9005&scope=read%3Auser%20repo%20public_repo
[info] 
[info] Waiting for authentication...
[debug] [2025-07-28T06:52:05.163Z] >>> [apiv2][query] POST https://github.com/login/oauth/access_token [none]
[debug] [2025-07-28T06:52:05.163Z] >>> [apiv2][body] POST https://github.com/login/oauth/access_token [stream]
[debug] [2025-07-28T06:52:05.695Z] <<< [apiv2][status] POST https://github.com/login/oauth/access_token 200
[debug] [2025-07-28T06:52:05.695Z] <<< [apiv2][body] POST https://github.com/login/oauth/access_token {"access_token":"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","token_type":"bearer","scope":"read:user,repo"}
[debug] [2025-07-28T06:52:05.702Z] >>> [apiv2][query] GET https://api.github.com/user [none]
[debug] [2025-07-28T06:52:06.286Z] <<< [apiv2][status] GET https://api.github.com/user 200
[debug] [2025-07-28T06:52:06.287Z] <<< [apiv2][body] GET https://api.github.com/user {"login":"Faiz2979","id":140877183,"node_id":"U_kgDOCGWdfw","avatar_url":"https://avatars.githubusercontent.com/u/140877183?v=4","gravatar_id":"","url":"https://api.github.com/users/Faiz2979","html_url":"https://github.com/Faiz2979","followers_url":"https://api.github.com/users/Faiz2979/followers","following_url":"https://api.github.com/users/Faiz2979/following{/other_user}","gists_url":"https://api.github.com/users/Faiz2979/gists{/gist_id}","starred_url":"https://api.github.com/users/Faiz2979/starred{/owner}{/repo}","subscriptions_url":"https://api.github.com/users/Faiz2979/subscriptions","organizations_url":"https://api.github.com/users/Faiz2979/orgs","repos_url":"https://api.github.com/users/Faiz2979/repos","events_url":"https://api.github.com/users/Faiz2979/events{/privacy}","received_events_url":"https://api.github.com/users/Faiz2979/received_events","type":"User","user_view_type":"private","site_admin":false,"name":"Muhammad Faiz Annabil","company":null,"blog":"faizannabil.me","location":null,"email":"faizannabil877@gmail.com","hireable":null,"bio":null,"twitter_username":null,"notification_email":"faizannabil877@gmail.com","public_repos":24,"public_gists":0,"followers":19,"following":27,"created_at":"2023-07-29T06:30:08Z","updated_at":"2025-07-23T13:41:15Z","private_gists":0,"total_private_repos":14,"owned_private_repos":13,"disk_usage":174265,"collaborators":0,"two_factor_authentication":false,"plan":{"name":"pro","space":976562499,"collaborators":0,"private_repos":9999}}
[info] 
[info] +  Success! Logged into GitHub as Faiz2979 
[info] 
